{"level":"info","message":"Server running on port 3000","nodeEnv":"development","port":3000,"service":"email-attachment-app","timestamp":"2025-06-23T17:12:11.133Z"}
{"level":"info","message":"SIGINT received, shutting down gracefully","service":"email-attachment-app","timestamp":"2025-06-23T17:12:45.599Z"}
{"level":"info","message":"Server running on port 3000","nodeEnv":"development","port":3000,"service":"email-attachment-app","timestamp":"2025-06-23T17:12:55.064Z"}
{"level":"info","message":"Server running on port 3000","nodeEnv":"development","port":3000,"service":"email-attachment-app","timestamp":"2025-06-23T17:13:04.221Z"}
{"level":"info","message":"Server running on port 3000","nodeEnv":"development","port":3000,"service":"email-attachment-app","timestamp":"2025-06-23T17:16:36.947Z"}
{"level":"info","message":"Server running on port 3000","nodeEnv":"development","port":3000,"service":"email-attachment-app","timestamp":"2025-06-23T17:19:58.648Z"}
{"level":"info","message":"Server running on port 3000","nodeEnv":"development","port":3000,"service":"email-attachment-app","timestamp":"2025-06-23T17:34:18.445Z"}
{"level":"info","message":"Server running on port 3000","nodeEnv":"development","port":3000,"service":"email-attachment-app","timestamp":"2025-06-23T17:41:09.915Z"}
{"level":"info","message":"SIGINT received, shutting down gracefully","service":"email-attachment-app","timestamp":"2025-06-23T17:41:47.748Z"}
{"level":"info","message":"Server running on port 3000","nodeEnv":"development","port":3000,"service":"email-attachment-app","timestamp":"2025-06-24T13:40:20.720Z"}
{"filename":"NU_INT_OFF-1750772986887_JQURWIPD_FTS_Affidavit for change of name Jayeola Rebecca....pdf","level":"info","message":"Email sent successfully","messageId":"<2f464bed-85ee-7048-1728-1da202131d7f@gmail.com>","service":"email-attachment-app","size":"56 KB","timestamp":"2025-06-24T13:49:52.861Z","to":"adisaakindele2@gmail.com"}
{"filename":"NU_INT_OFF-1750772986887_JQURWIPD_FTS_Affidavit for change of name Jayeola Rebecca....pdf","level":"info","message":"Email sent successfully","service":"email-attachment-app","timestamp":"2025-06-24T13:49:52.892Z","to":"adisaakindele2@gmail.com"}
{"level":"info","message":"Server running on port 3000","nodeEnv":"development","port":3000,"service":"email-attachment-app","timestamp":"2025-06-24T14:02:45.803Z"}
{"level":"info","message":"Server running on port 3000","nodeEnv":"development","port":3000,"service":"email-attachment-app","timestamp":"2025-06-24T14:03:27.273Z"}
{"filename":"PO-36851–UPTIVE MFG-1750773845873_ODB9L488_FTS_Affidavit for change of name Jayeola Rebecca....pdf","level":"info","message":"Email sent successfully","messageId":"<1f69798d-6a42-8b40-067f-622733c13d0c@gmail.com>","service":"email-attachment-app","size":"56 KB","timestamp":"2025-06-24T14:04:14.519Z","to":"adisaakindele2@gmail.com"}
{"filename":"PO-36851–UPTIVE MFG-1750773845873_ODB9L488_FTS_Affidavit for change of name Jayeola Rebecca....pdf","level":"info","message":"Email sent successfully","service":"email-attachment-app","timestamp":"2025-06-24T14:04:14.525Z","to":"adisaakindele2@gmail.com"}
{"level":"info","message":"Server running on port 3000","nodeEnv":"development","port":3000,"service":"email-attachment-app","timestamp":"2025-06-24T14:26:53.405Z"}
{"filename":"PO-36851–UPTIVE-MFG-1750775429912_I90GIRVA_FTS_istockphoto-1298834280-612x612....jpg","level":"info","message":"Email sent successfully","messageId":"<07f217d9-5fb5-dd28-fd35-d9da020deb47@gmail.com>","service":"email-attachment-app","size":"21 KB","timestamp":"2025-06-24T14:30:37.259Z","to":"adisaakindele2@gmail.com"}
{"filename":"PO-36851–UPTIVE-MFG-1750775429912_I90GIRVA_FTS_istockphoto-1298834280-612x612....jpg","level":"info","message":"Email sent successfully","service":"email-attachment-app","timestamp":"2025-06-24T14:30:37.280Z","to":"adisaakindele2@gmail.com"}
{"level":"info","message":"Server running on port 3000","nodeEnv":"development","port":3000,"service":"email-attachment-app","timestamp":"2025-06-24T14:43:26.675Z"}
{"level":"info","message":"Server running on port 3000","nodeEnv":"development","port":3000,"service":"email-attachment-app","timestamp":"2025-06-24T14:43:48.231Z"}
{"level":"info","message":"Server running on port 3000","nodeEnv":"development","port":3000,"service":"email-attachment-app","timestamp":"2025-06-24T14:45:07.077Z"}
{"level":"info","message":"Server running on port 3000","nodeEnv":"development","port":3000,"service":"email-attachment-app","timestamp":"2025-06-24T14:47:41.768Z"}
{"level":"info","message":"Server running on port 3000","nodeEnv":"development","port":3000,"service":"email-attachment-app","timestamp":"2025-06-24T14:49:12.985Z"}
{"level":"info","message":"Server running on port 3000","nodeEnv":"development","port":3000,"service":"email-attachment-app","timestamp":"2025-06-24T14:49:25.012Z"}
{"level":"info","message":"Server running on port 3000","nodeEnv":"development","port":3000,"service":"email-attachment-app","timestamp":"2025-06-24T14:49:36.253Z"}
{"level":"info","message":"Server running on port 3000","nodeEnv":"development","port":3000,"service":"email-attachment-app","timestamp":"2025-06-24T14:49:57.316Z"}
{"level":"info","message":"Server running on port 3000","nodeEnv":"development","port":3000,"service":"email-attachment-app","timestamp":"2025-06-24T14:51:03.781Z"}
{"level":"info","message":"Server running on port 3000","nodeEnv":"development","port":3000,"service":"email-attachment-app","timestamp":"2025-06-24T14:51:46.794Z"}
{"level":"info","message":"Server running on port 3000","nodeEnv":"development","port":3000,"service":"email-attachment-app","timestamp":"2025-06-24T14:52:43.246Z"}
{"level":"info","message":"Server running on port 3000","nodeEnv":"development","port":3000,"service":"email-attachment-app","timestamp":"2025-06-24T14:57:16.969Z"}
{"level":"info","message":"Server running on port 3000","nodeEnv":"development","port":3000,"service":"email-attachment-app","timestamp":"2025-06-24T14:58:13.139Z"}
{"level":"info","message":"Server running on port 3000","nodeEnv":"development","port":3000,"service":"email-attachment-app","timestamp":"2025-06-24T14:58:31.032Z"}
{"level":"info","message":"Server running on port 3000","nodeEnv":"development","port":3000,"service":"email-attachment-app","timestamp":"2025-06-24T15:05:09.388Z"}
{"level":"info","message":"Server running on port 3000","nodeEnv":"development","port":3000,"service":"email-attachment-app","timestamp":"2025-06-24T15:05:38.096Z"}
{"level":"info","message":"Server running on port 3000","nodeEnv":"development","port":3000,"service":"email-attachment-app","timestamp":"2025-06-24T15:06:08.108Z"}
{"level":"info","message":"Server running on port 3000","nodeEnv":"development","port":3000,"service":"email-attachment-app","timestamp":"2025-06-24T15:07:23.852Z"}
{"level":"info","message":"Email service connection verified","service":"email-attachment-app","timestamp":"2025-06-24T15:17:41.461Z"}
{"filename":"PO-36851–UPTIVE-MFG-1750778369622_ZJARVNKM_FTS_istockphoto-1298834280-612x612....jpg","level":"info","message":"Email sent successfully","messageId":"<bf478257-781c-ab0a-8d27-4a9fcc2f0c02@gmail.com>","service":"email-attachment-app","size":"21 KB","timestamp":"2025-06-24T15:19:34.564Z","to":"mavetij882@boxmach.com"}
{"filename":"PO-36851–UPTIVE-MFG-1750778369622_ZJARVNKM_FTS_istockphoto-1298834280-612x612....jpg","level":"info","message":"Email sent successfully","service":"email-attachment-app","timestamp":"2025-06-24T15:19:34.569Z","to":"mavetij882@boxmach.com"}
{"level":"info","message":"Server running on port 3000","nodeEnv":"development","port":3000,"service":"email-attachment-app","timestamp":"2025-06-24T15:31:48.180Z"}
{"level":"info","message":"Server running on port 3000","nodeEnv":"development","port":3000,"service":"email-attachment-app","timestamp":"2025-06-25T22:28:53.049Z"}
{"filename":"PO-36851–UPTIVE-MFG-1750891186973_8MZMBOH9_FSTF2_pdf....jpg","level":"info","message":"Email sent successfully","messageId":"<f70b0615-dd12-5bb8-244b-c305faf05866@gmail.com>","service":"email-attachment-app","size":"21 KB","timestamp":"2025-06-25T22:39:51.599Z","to":"smith.vanderbilt@uptive-mfg.com"}
{"filename":"PO-36851–UPTIVE-MFG-1750891186973_8MZMBOH9_FSTF2_pdf....jpg","level":"info","message":"Email sent successfully","service":"email-attachment-app","timestamp":"2025-06-25T22:39:51.613Z","to":"smith.vanderbilt@uptive-mfg.com"}
{"filename":"PO-36851–UPTIVE-MFG-1750891256226_1XG7RH8X_FSTF2_pdf....jpg","level":"info","message":"Email sent successfully","messageId":"<3a032c03-8dba-2755-636e-055582d6d0c7@gmail.com>","service":"email-attachment-app","size":"21 KB","timestamp":"2025-06-25T22:41:04.121Z","to":"akindeleapex@gmail.com"}
{"filename":"PO-36851–UPTIVE-MFG-1750891256226_1XG7RH8X_FSTF2_pdf....jpg","level":"info","message":"Email sent successfully","service":"email-attachment-app","timestamp":"2025-06-25T22:41:05.598Z","to":"akindeleapex@gmail.com"}
{"level":"info","message":"Server running on port 3000","nodeEnv":"development","port":3000,"service":"email-attachment-app","timestamp":"2025-06-25T23:05:18.116Z"}
{"level":"info","message":"Server running on port 3000","nodeEnv":"development","port":3000,"service":"email-attachment-app","timestamp":"2025-06-25T23:06:15.925Z"}
{"level":"info","message":"Server running on port 3000","nodeEnv":"development","port":3000,"service":"email-attachment-app","timestamp":"2025-06-25T23:06:32.056Z"}
{"filename":"PO 36851–UPTIVEMFG","level":"info","message":"Email sent successfully","messageId":"<027bf7d0-019e-e0a5-555b-0fdb539021d6@gmail.com>","service":"email-attachment-app","size":"21 KB","timestamp":"2025-06-25T23:07:18.690Z","to":"smith.vanderbilt@uptive-mfg.com"}
{"filename":"PO 36851–UPTIVEMFG","level":"info","message":"Email sent successfully","service":"email-attachment-app","timestamp":"2025-06-25T23:07:18.691Z","to":"smith.vanderbilt@uptive-mfg.com"}
{"level":"info","message":"Server running on port 3000","nodeEnv":"development","port":3000,"service":"email-attachment-app","timestamp":"2025-07-02T21:31:22.034Z"}
{"level":"info","message":"Server running on port 3000","nodeEnv":"development","port":3000,"service":"email-attachment-app","timestamp":"2025-07-02T21:33:07.261Z"}
{"level":"info","message":"Server running on port 3000","nodeEnv":"development","port":3000,"service":"email-attachment-app","timestamp":"2025-07-02T21:34:37.883Z"}
{"level":"info","message":"Server running on port 3000","nodeEnv":"development","port":3000,"service":"email-attachment-app","timestamp":"2025-07-02T21:37:49.470Z"}
{"error":"ENOENT: no such file or directory, stat ''","level":"error","message":"Email sending failed","service":"email-attachment-app","timestamp":"2025-07-02T21:38:03.697Z"}
{"level":"info","message":"Server running on port 3000","nodeEnv":"development","port":3000,"service":"email-attachment-app","timestamp":"2025-07-02T21:40:39.404Z"}
{"level":"info","message":"Server running on port 3000","nodeEnv":"development","port":3000,"service":"email-attachment-app","timestamp":"2025-07-02T21:43:21.486Z"}
{"level":"info","message":"SIGINT received, shutting down gracefully","service":"email-attachment-app","timestamp":"2025-07-02T21:45:02.500Z"}
